0 info it worked if it ends with ok
1 verbose cli [ '/usr/local/bin/node', '/usr/local/bin/npm', 'run', 'frontend' ]
2 info using npm@3.10.10
3 info using node@v6.11.2
4 verbose run-script [ 'prefrontend', 'frontend', 'postfrontend' ]
5 info lifecycle outlinebot@1.0.0~prefrontend: outlinebot@1.0.0
6 silly lifecycle outlinebot@1.0.0~prefrontend: no script for prefrontend, continuing
7 info lifecycle outlinebot@1.0.0~frontend: outlinebot@1.0.0
8 verbose lifecycle outlinebot@1.0.0~frontend: unsafe-perm in lifecycle true
9 verbose lifecycle outlinebot@1.0.0~frontend: PATH: /usr/local/lib/node_modules/npm/bin/node-gyp-bin:/Users/nanda/Projects/Project/reactbot/node_modules/.bin:/usr/local/lib/node_modules/npm/bin/node-gyp-bin:/Users/nanda/Projects/Project/reactbot/node_modules/.bin:/Users/nanda/Projects/mongodb/bin:/usr/local/bin:/usr/local/bin:/usr/bin:/bin:/usr/sbin:/sbin:/Users/nanda/Projects/mongodb/bin
10 verbose lifecycle outlinebot@1.0.0~frontend: CWD: /Users/nanda/Projects/Project/reactbot
11 silly lifecycle outlinebot@1.0.0~frontend: Args: [ '-c', 'npm run start --prefix client' ]
12 silly lifecycle outlinebot@1.0.0~frontend: Returned: code: 1  signal: null
13 info lifecycle outlinebot@1.0.0~frontend: Failed to exec frontend script
14 verbose stack Error: outlinebot@1.0.0 frontend: `npm run start --prefix client`
14 verbose stack Exit status 1
14 verbose stack     at EventEmitter.<anonymous> (/usr/local/lib/node_modules/npm/lib/utils/lifecycle.js:255:16)
14 verbose stack     at emitTwo (events.js:106:13)
14 verbose stack     at EventEmitter.emit (events.js:191:7)
14 verbose stack     at ChildProcess.<anonymous> (/usr/local/lib/node_modules/npm/lib/utils/spawn.js:40:14)
14 verbose stack     at emitTwo (events.js:106:13)
14 verbose stack     at ChildProcess.emit (events.js:191:7)
14 verbose stack     at maybeClose (internal/child_process.js:891:16)
14 verbose stack     at Process.ChildProcess._handle.onexit (internal/child_process.js:226:5)
15 verbose pkgid outlinebot@1.0.0
16 verbose cwd /Users/nanda/Projects/Project/reactbot
17 error Darwin 17.7.0
18 error argv "/usr/local/bin/node" "/usr/local/bin/npm" "run" "frontend"
19 error node v6.11.2
20 error npm  v3.10.10
21 error code ELIFECYCLE
22 error outlinebot@1.0.0 frontend: `npm run start --prefix client`
22 error Exit status 1
23 error Failed at the outlinebot@1.0.0 frontend script 'npm run start --prefix client'.
23 error Make sure you have the latest version of node.js and npm installed.
23 error If you do, this is most likely a problem with the outlinebot package,
23 error not with npm itself.
23 error Tell the author that this fails on your system:
23 error     npm run start --prefix client
23 error You can get information on how to open an issue for this project with:
23 error     npm bugs outlinebot
23 error Or if that isn't available, you can get their info via:
23 error     npm owner ls outlinebot
23 error There is likely additional logging output above.
24 verbose exit [ 1, true ]
